{"level":"info","message":"GET at /"}
{"level":"warn","message":"Endpoint invalido"}
{"level":"info","message":"GET at /favicon.ico"}
{"level":"warn","message":"Endpoint invalido"}
{"level":"info","message":"GET at /"}
{"level":"warn","message":"Endpoint invalido"}
{"level":"info","message":"GET at /"}
{"level":"warn","message":"Endpoint invalido"}
{"level":"info","message":"GET at /"}
{"level":"warn","message":"Endpoint invalido"}
{"level":"info","message":"GET at /"}
{"level":"warn","message":"Endpoint invalido"}
{"level":"info","message":"GET at /"}
{"level":"warn","message":"Endpoint invalido"}
{"level":"info","message":"GET at /"}
{"level":"info","message":"GET at /"}
{"level":"info","message":"GET at /"}
{"level":"warn","message":"Endpoint invalido"}
{"level":"info","message":"GET at /"}
{"level":"warn","message":"Endpoint invalido"}
{"level":"info","message":"GET at /"}
{"level":"warn","message":"Endpoint invalido"}
{"level":"info","message":"GET at /"}
{"level":"warn","message":"Endpoint invalido"}
{"level":"info","message":"GET at /"}
{"level":"warn","message":"Endpoint invalido"}
{"level":"info","message":"GET at /"}
{"level":"warn","message":"Endpoint invalido"}
{"level":"info","message":"GET at /"}
{"level":"warn","message":"Endpoint invalido"}
{"level":"info","message":"GET at /"}
{"level":"warn","message":"Endpoint invalido"}
{"level":"info","message":"GET at /pages/login.html"}
{"level":"warn","message":"Endpoint invalido"}
{"level":"info","message":"GET at /pages/register.html"}
{"level":"warn","message":"Endpoint invalido"}
{"level":"info","message":"GET at /pages/register.html"}
{"level":"warn","message":"Endpoint invalido"}
{"level":"info","message":"GET at /pages/register.html"}
{"level":"warn","message":"Endpoint invalido"}
{"level":"info","message":"GET at /pages/register.html"}
{"level":"warn","message":"Endpoint invalido"}
{"level":"info","message":"GET at /pages/register.html"}
{"level":"warn","message":"Endpoint invalido"}
{"level":"info","message":"GET at /"}
{"level":"warn","message":"Endpoint invalido"}
{"level":"info","message":"GET at /"}
{"level":"warn","message":"Endpoint invalido"}
{"level":"info","message":"GET at /"}
{"level":"warn","message":"Endpoint invalido"}
{"level":"info","message":"GET at /"}
{"level":"warn","message":"Endpoint invalido"}
{"level":"info","message":"GET at /"}
{"level":"warn","message":"Endpoint invalido"}
{"level":"info","message":"GET at /"}
{"level":"warn","message":"Endpoint invalido"}
{"level":"info","message":"GET at /"}
{"level":"warn","message":"Endpoint invalido"}
{"level":"info","message":"GET at /"}
{"level":"warn","message":"Endpoint invalido"}
{"level":"info","message":"GET at /"}
{"level":"warn","message":"Endpoint invalido"}
{"level":"info","message":"GET at /"}
{"level":"warn","message":"Endpoint invalido"}
{"level":"info","message":"GET at /"}
{"level":"warn","message":"Endpoint invalido"}
{"level":"info","message":"GET at /"}
{"level":"warn","message":"Endpoint invalido"}
{"level":"info","message":"GET at /"}
{"level":"warn","message":"Endpoint invalido"}
{"level":"info","message":"GET at /"}
{"level":"warn","message":"Endpoint invalido"}
{"level":"info","message":"GET at /"}
{"level":"warn","message":"Endpoint invalido"}
{"level":"info","message":"GET at /"}
{"level":"warn","message":"Endpoint invalido"}
{"level":"info","message":"GET at /"}
{"level":"warn","message":"Endpoint invalido"}
{"level":"info","message":"GET at /"}
{"level":"warn","message":"Endpoint invalido"}
{"level":"info","message":"GET at /"}
{"level":"warn","message":"Endpoint invalido"}
{"level":"info","message":"GET at /"}
{"level":"info","message":"GET at /"}
{"level":"info","message":"GET at /"}
{"level":"info","message":"GET at /"}
{"level":"info","message":"GET at /"}
{"level":"info","message":"GET at /"}
{"level":"info","message":"GET at /"}
{"level":"info","message":"GET at /"}
{"level":"info","message":"GET at /"}
{"level":"info","message":"GET at /"}
{"level":"info","message":"GET at /"}
{"level":"info","message":"GET at /"}
{"level":"info","message":"GET at /"}
{"level":"info","message":"GET at /"}
{"level":"info","message":"GET at /"}
{"level":"info","message":"GET at /"}
{"level":"info","message":"GET at /"}
{"level":"info","message":"GET at /"}
{"level":"info","message":"GET at /"}
{"level":"info","message":"GET at /"}
{"level":"info","message":"GET at /"}
{"level":"info","message":"GET at /"}
{"level":"warn","message":"Endpoint invalido"}
{"level":"info","message":"GET at /"}
{"level":"warn","message":"Endpoint invalido"}
{"level":"info","message":"GET at /"}
{"level":"warn","message":"Endpoint invalido"}
{"level":"info","message":"GET at /"}
{"level":"warn","message":"Endpoint invalido"}
{"level":"info","message":"GET at /"}
{"level":"warn","message":"Endpoint invalido"}
{"level":"info","message":"GET at /"}
{"level":"warn","message":"Endpoint invalido"}
{"level":"info","message":"GET at /"}
{"level":"warn","message":"Endpoint invalido"}
{"level":"info","message":"GET at /"}
{"level":"warn","message":"Endpoint invalido"}
{"level":"info","message":"GET at /"}
{"level":"warn","message":"Endpoint invalido"}
{"level":"info","message":"GET at /session/login"}
{"level":"warn","message":"Endpoint invalido"}
{"level":"info","message":"GET at /"}
{"level":"warn","message":"Endpoint invalido"}
{"level":"info","message":"GET at /"}
{"level":"warn","message":"Endpoint invalido"}
{"level":"info","message":"GET at /"}
{"level":"warn","message":"Endpoint invalido"}
{"level":"info","message":"GET at /"}
{"level":"warn","message":"Endpoint invalido"}
{"level":"info","message":"GET at /"}
{"level":"warn","message":"Endpoint invalido"}
{"level":"info","message":"GET at /"}
{"level":"warn","message":"Endpoint invalido"}
{"level":"info","message":"GET at /"}
{"level":"warn","message":"Endpoint invalido"}
{"level":"info","message":"GET at /"}
{"level":"warn","message":"Endpoint invalido"}
{"level":"info","message":"GET at /"}
{"level":"warn","message":"Endpoint invalido"}
{"level":"info","message":"GET at /main.js"}
{"level":"warn","message":"Endpoint invalido"}
{"level":"info","message":"GET at /main.js"}
{"level":"warn","message":"Endpoint invalido"}
{"level":"info","message":"GET at /main.js"}
{"level":"warn","message":"Endpoint invalido"}
{"level":"info","message":"GET at /session/login"}
{"level":"warn","message":"Endpoint invalido"}
{"level":"info","message":"GET at /session/login"}
{"level":"warn","message":"Endpoint invalido"}
{"level":"info","message":"GET at /session/login"}
{"level":"warn","message":"Endpoint invalido"}
{"level":"info","message":"GET at /session/login"}
{"level":"warn","message":"Endpoint invalido"}
{"level":"info","message":"GET at /session/login"}
{"level":"warn","message":"Endpoint invalido"}
{"level":"info","message":"GET at /session/login"}
{"level":"warn","message":"Endpoint invalido"}
{"level":"info","message":"GET at /session/login"}
{"level":"warn","message":"Endpoint invalido"}
{"level":"info","message":"GET at /session/login"}
{"level":"warn","message":"Endpoint invalido"}
{"level":"info","message":"GET at /session/login"}
{"level":"warn","message":"Endpoint invalido"}
{"level":"info","message":"POST at /session%20login"}
{"level":"info","message":"GET at /view/style.css"}
{"level":"warn","message":"Endpoint invalido"}
{"level":"info","message":"GET at /register.html"}
{"level":"warn","message":"Endpoint invalido"}
{"level":"info","message":"GET at /register.html"}
{"level":"warn","message":"Endpoint invalido"}
{"level":"info","message":"GET at /register.html"}
{"level":"warn","message":"Endpoint invalido"}
{"level":"info","message":"GET at /login.html"}
{"level":"warn","message":"Endpoint invalido"}
{"level":"info","message":"GET at /view/undefined"}
{"level":"warn","message":"Endpoint invalido"}
{"level":"info","message":"GET at /view/undefined"}
{"level":"warn","message":"Endpoint invalido"}
{"level":"info","message":"POST at /api/users"}
{"level":"info","message":"POST at /api/users"}
{"level":"info","message":"DELETE at /session/login"}
{"level":"info","message":"GET at /favicon.ico"}
{"level":"warn","message":"Endpoint invalido"}
{"level":"info","message":"DELETE at /cart/61d22db53b884ad6d621e83e"}
{"level":"info","message":"GET at /favicon.ico"}
{"level":"warn","message":"Endpoint invalido"}
{"level":"info","message":"GET at /favicon.ico"}
{"level":"warn","message":"Endpoint invalido"}
{"level":"info","message":"GET at /testeoHome"}
{"level":"warn","message":"Endpoint invalido"}
{"level":"info","message":"GET at /home"}
{"level":"warn","message":"Endpoint invalido"}
{"level":"info","message":"GET at /favicon.ico"}
{"level":"warn","message":"Endpoint invalido"}
{"level":"info","message":"GET at /home"}
{"level":"warn","message":"Endpoint invalido"}
{"level":"info","message":"GET at /home"}
{"level":"warn","message":"Endpoint invalido"}
{"level":"info","message":"GET at /home"}
{"level":"warn","message":"Endpoint invalido"}
{"level":"info","message":"GET at /home"}
{"level":"warn","message":"Endpoint invalido"}
{"level":"info","message":"GET at /home"}
{"level":"warn","message":"Endpoint invalido"}
{"level":"info","message":"GET at /home"}
{"level":"warn","message":"Endpoint invalido"}
{"level":"info","message":"GET at /home"}
{"level":"warn","message":"Endpoint invalido"}
{"level":"info","message":"GET at /home"}
{"level":"warn","message":"Endpoint invalido"}
{"level":"info","message":"GET at /api/products"}
{"level":"warn","message":"Endpoint invalido"}
{"level":"info","message":"GET at /api/products"}
{"level":"warn","message":"Endpoint invalido"}
{"level":"info","message":"GET at /MauricioEF/proyectofinalfron/manifest.json/"}
{"level":"warn","message":"Endpoint invalido"}
{"level":"info","message":"GET at /MauricioEF/proyectofinalfron/favicon.ico/"}
{"level":"warn","message":"Endpoint invalido"}
{"level":"info","message":"GET at /%PUBLIC_URL%/manifest.json"}
{"level":"info","message":"GET at /%PUBLIC_URL%/manifest.json"}
{"level":"info","message":"GET at /MauricioEF/proyectofinalfron/manifest.json/"}
{"level":"warn","message":"Endpoint invalido"}
{"level":"info","message":"GET at /home/"}
{"level":"warn","message":"Endpoint invalido"}
{"level":"info","message":"GET at /api/products"}
{"level":"warn","message":"Endpoint invalido"}
{"level":"info","message":"GET at /api/products"}
{"level":"warn","message":"Endpoint invalido"}
{"level":"info","message":"GET at /api/session"}
{"level":"warn","message":"Endpoint invalido"}
{"level":"info","message":"GET at /api/session"}
{"level":"warn","message":"Endpoint invalido"}
{"level":"info","message":"GET at /"}
{"level":"warn","message":"Endpoint invalido"}
{"level":"info","message":"GET at /"}
{"level":"warn","message":"Endpoint invalido"}
{"level":"info","message":"GET at /"}
{"level":"warn","message":"Endpoint invalido"}
{"level":"info","message":"GET at /favicon.ico"}
{"level":"warn","message":"Endpoint invalido"}
{"level":"info","message":"GET at /"}
{"level":"warn","message":"Endpoint invalido"}
{"level":"info","message":"GET at /api/product"}
{"level":"warn","message":"Endpoint invalido"}
{"level":"info","message":"GET at /api/products"}
{"level":"warn","message":"Endpoint invalido"}
{"level":"info","message":"GET at /api/session/login"}
{"level":"warn","message":"Endpoint invalido"}
{"level":"info","message":"GET at /"}
{"level":"warn","message":"Endpoint invalido"}
{"level":"info","message":"GET at /api/products"}
{"level":"warn","message":"Endpoint invalido"}
{"level":"info","message":"GET at /home"}
{"level":"warn","message":"Endpoint invalido"}
{"level":"info","message":"GET at /api/home"}
{"level":"warn","message":"Endpoint invalido"}
{"level":"info","message":"GET at /ws"}
{"level":"warn","message":"Endpoint invalido"}
{"level":"info","message":"GET at /ws"}
{"level":"warn","message":"Endpoint invalido"}
{"level":"info","message":"GET at /ws"}
{"level":"warn","message":"Endpoint invalido"}
{"level":"info","message":"GET at /ws"}
{"level":"warn","message":"Endpoint invalido"}
{"level":"info","message":"GET at /ws"}
{"level":"warn","message":"Endpoint invalido"}
{"level":"info","message":"GET at /ws"}
{"level":"warn","message":"Endpoint invalido"}
{"level":"info","message":"GET at /api/login"}
{"level":"warn","message":"Endpoint invalido"}
{"level":"info","message":"GET at /static/js/bundle.js.map"}
{"level":"warn","message":"Endpoint invalido"}
{"level":"info","message":"GET at /ws"}
{"level":"warn","message":"Endpoint invalido"}
{"level":"info","message":"GET at /manifest.json"}
{"level":"warn","message":"Endpoint invalido"}
{"level":"info","message":"GET at /static/js/src_Pages_Login_index_jsx.chunk.js.map"}
{"level":"warn","message":"Endpoint invalido"}
{"level":"info","message":"GET at /ws"}
{"level":"warn","message":"Endpoint invalido"}
{"level":"info","message":"GET at /ws"}
{"level":"warn","message":"Endpoint invalido"}
{"level":"info","message":"GET at /ws"}
{"level":"warn","message":"Endpoint invalido"}
{"level":"info","message":"GET at /ws"}
{"level":"warn","message":"Endpoint invalido"}
{"level":"info","message":"GET at /img/16411641696071637794391162lecheChoco.jpg"}
{"level":"warn","message":"Endpoint invalido"}
{"level":"info","message":"GET at /img/1641164213825leche.jpg"}
{"level":"warn","message":"Endpoint invalido"}
{"level":"info","message":"GET at /img/1641164248865pepas.jpg"}
{"level":"warn","message":"Endpoint invalido"}
{"level":"info","message":"GET at /img/1641164284243pan.jpg"}
{"level":"warn","message":"Endpoint invalido"}
{"level":"info","message":"GET at /img/1641164329291mermelada.jpg"}
{"level":"warn","message":"Endpoint invalido"}
{"level":"info","message":"GET at /img/1641164369552galletasDeLino.jpg"}
{"level":"warn","message":"Endpoint invalido"}
{"level":"info","message":"GET at /img/1641164401966galletitas_de_miel.jpg"}
{"level":"warn","message":"Endpoint invalido"}
{"level":"info","message":"GET at /img/1641164432226pepitos.jpg"}
{"level":"warn","message":"Endpoint invalido"}
{"level":"info","message":"GET at /img/1641166593603jugos.jpeg"}
{"level":"warn","message":"Endpoint invalido"}
{"level":"info","message":"GET at /img/1646086869050menta.jpg"}
{"level":"warn","message":"Endpoint invalido"}
{"level":"info","message":"GET at /img/16411641696071637794391162lecheChoco.jpg"}
{"level":"warn","message":"Endpoint invalido"}
{"level":"info","message":"GET at /img/1641164213825leche.jpg"}
{"level":"warn","message":"Endpoint invalido"}
{"level":"info","message":"GET at /img/1641164248865pepas.jpg"}
{"level":"warn","message":"Endpoint invalido"}
{"level":"info","message":"GET at /img/1641164284243pan.jpg"}
{"level":"warn","message":"Endpoint invalido"}
{"level":"info","message":"GET at /img/1641164329291mermelada.jpg"}
{"level":"warn","message":"Endpoint invalido"}
{"level":"info","message":"GET at /img/1641164369552galletasDeLino.jpg"}
{"level":"warn","message":"Endpoint invalido"}
{"level":"info","message":"GET at /img/1641164401966galletitas_de_miel.jpg"}
{"level":"warn","message":"Endpoint invalido"}
{"level":"info","message":"GET at /img/1641164432226pepitos.jpg"}
{"level":"warn","message":"Endpoint invalido"}
{"level":"info","message":"GET at /img/1641166593603jugos.jpeg"}
{"level":"warn","message":"Endpoint invalido"}
{"level":"info","message":"GET at /img/1646086869050menta.jpg"}
{"level":"warn","message":"Endpoint invalido"}
{"level":"info","message":"GET at /img/1641164401966galletitas_de_miel.jpg"}
{"level":"warn","message":"Endpoint invalido"}
{"level":"info","message":"GET at /img/16411641696071637794391162lecheChoco.jpg"}
{"level":"warn","message":"Endpoint invalido"}
{"level":"info","message":"GET at /img/1641164213825leche.jpg"}
{"level":"warn","message":"Endpoint invalido"}
{"level":"info","message":"GET at /img/1641164248865pepas.jpg"}
{"level":"warn","message":"Endpoint invalido"}
{"level":"info","message":"GET at /img/1641164329291mermelada.jpg"}
{"level":"warn","message":"Endpoint invalido"}
{"level":"info","message":"GET at /img/1641164284243pan.jpg"}
{"level":"warn","message":"Endpoint invalido"}
{"level":"info","message":"GET at /img/1641164369552galletasDeLino.jpg"}
{"level":"warn","message":"Endpoint invalido"}
{"level":"info","message":"GET at /img/1641164401966galletitas_de_miel.jpg"}
{"level":"warn","message":"Endpoint invalido"}
{"level":"info","message":"GET at /img/1641164432226pepitos.jpg"}
{"level":"warn","message":"Endpoint invalido"}
{"level":"info","message":"GET at /img/1641166593603jugos.jpeg"}
{"level":"warn","message":"Endpoint invalido"}
{"level":"info","message":"GET at /img/1646086869050menta.jpg"}
{"level":"warn","message":"Endpoint invalido"}
{"level":"info","message":"GET at /img/16411641696071637794391162lecheChoco.jpg"}
{"level":"warn","message":"Endpoint invalido"}
{"level":"info","message":"GET at /img/1641164213825leche.jpg"}
{"level":"warn","message":"Endpoint invalido"}
{"level":"info","message":"GET at /img/1641164248865pepas.jpg"}
{"level":"warn","message":"Endpoint invalido"}
{"level":"info","message":"GET at /img/1641164329291mermelada.jpg"}
{"level":"warn","message":"Endpoint invalido"}
{"level":"info","message":"GET at /img/1641164284243pan.jpg"}
{"level":"warn","message":"Endpoint invalido"}
{"level":"info","message":"GET at /img/1641164369552galletasDeLino.jpg"}
{"level":"warn","message":"Endpoint invalido"}
{"level":"info","message":"GET at /img/1641164401966galletitas_de_miel.jpg"}
{"level":"warn","message":"Endpoint invalido"}
{"level":"info","message":"GET at /img/1641164432226pepitos.jpg"}
{"level":"warn","message":"Endpoint invalido"}
{"level":"info","message":"GET at /img/1641166593603jugos.jpeg"}
{"level":"warn","message":"Endpoint invalido"}
{"level":"info","message":"GET at /img/1646086869050menta.jpg"}
{"level":"warn","message":"Endpoint invalido"}
{"level":"info","message":"GET at /img/16411641696071637794391162lecheChoco.jpg"}
{"level":"warn","message":"Endpoint invalido"}
{"level":"info","message":"GET at /img/1641164213825leche.jpg"}
{"level":"warn","message":"Endpoint invalido"}
{"level":"info","message":"GET at /img/1641164248865pepas.jpg"}
{"level":"warn","message":"Endpoint invalido"}
{"level":"info","message":"GET at /img/1641164284243pan.jpg"}
{"level":"warn","message":"Endpoint invalido"}
{"level":"info","message":"GET at /img/1641164329291mermelada.jpg"}
{"level":"warn","message":"Endpoint invalido"}
{"level":"info","message":"GET at /img/1641164369552galletasDeLino.jpg"}
{"level":"warn","message":"Endpoint invalido"}
{"level":"info","message":"GET at /img/1641164401966galletitas_de_miel.jpg"}
{"level":"warn","message":"Endpoint invalido"}
{"level":"info","message":"GET at /img/1641164432226pepitos.jpg"}
{"level":"warn","message":"Endpoint invalido"}
{"level":"info","message":"GET at /img/1641166593603jugos.jpeg"}
{"level":"warn","message":"Endpoint invalido"}
{"level":"info","message":"GET at /img/1646086869050menta.jpg"}
{"level":"warn","message":"Endpoint invalido"}
{"level":"info","message":"GET at /img/16411641696071637794391162lecheChoco.jpg"}
{"level":"warn","message":"Endpoint invalido"}
{"level":"info","message":"GET at /img/1641164213825leche.jpg"}
{"level":"warn","message":"Endpoint invalido"}
{"level":"info","message":"GET at /img/1641164248865pepas.jpg"}
{"level":"warn","message":"Endpoint invalido"}
{"level":"info","message":"GET at /img/1641164284243pan.jpg"}
{"level":"warn","message":"Endpoint invalido"}
{"level":"info","message":"GET at /img/1641164329291mermelada.jpg"}
{"level":"warn","message":"Endpoint invalido"}
{"level":"info","message":"GET at /img/1641164369552galletasDeLino.jpg"}
{"level":"warn","message":"Endpoint invalido"}
{"level":"info","message":"GET at /img/1641164432226pepitos.jpg"}
{"level":"warn","message":"Endpoint invalido"}
{"level":"info","message":"GET at /img/1641164401966galletitas_de_miel.jpg"}
{"level":"warn","message":"Endpoint invalido"}
{"level":"info","message":"GET at /img/1641166593603jugos.jpeg"}
{"level":"warn","message":"Endpoint invalido"}
{"level":"info","message":"GET at /img/1646086869050menta.jpg"}
{"level":"warn","message":"Endpoint invalido"}
{"level":"info","message":"GET at /img/1641164401966galletitas_de_miel.jpg"}
{"level":"warn","message":"Endpoint invalido"}
{"level":"info","message":"GET at /img/16411641696071637794391162lecheChoco.jpg"}
{"level":"warn","message":"Endpoint invalido"}
{"level":"info","message":"GET at /img/1641164213825leche.jpg"}
{"level":"warn","message":"Endpoint invalido"}
{"level":"info","message":"GET at /img/1641164248865pepas.jpg"}
{"level":"warn","message":"Endpoint invalido"}
{"level":"info","message":"GET at /img/1641164284243pan.jpg"}
{"level":"warn","message":"Endpoint invalido"}
{"level":"info","message":"GET at /img/1641164329291mermelada.jpg"}
{"level":"warn","message":"Endpoint invalido"}
{"level":"info","message":"GET at /img/1641164369552galletasDeLino.jpg"}
{"level":"warn","message":"Endpoint invalido"}
{"level":"info","message":"GET at /img/1641164401966galletitas_de_miel.jpg"}
{"level":"warn","message":"Endpoint invalido"}
{"level":"info","message":"GET at /img/1641164432226pepitos.jpg"}
{"level":"warn","message":"Endpoint invalido"}
{"level":"info","message":"GET at /img/1641166593603jugos.jpeg"}
{"level":"warn","message":"Endpoint invalido"}
{"level":"info","message":"GET at /img/1646086869050menta.jpg"}
{"level":"warn","message":"Endpoint invalido"}
{"level":"info","message":"GET at /img/16411641696071637794391162lecheChoco.jpg"}
{"level":"warn","message":"Endpoint invalido"}
{"level":"info","message":"GET at /img/1641164213825leche.jpg"}
{"level":"warn","message":"Endpoint invalido"}
{"level":"info","message":"GET at /img/1641164248865pepas.jpg"}
{"level":"warn","message":"Endpoint invalido"}
{"level":"info","message":"GET at /img/1641164284243pan.jpg"}
{"level":"warn","message":"Endpoint invalido"}
{"level":"info","message":"GET at /img/1641164329291mermelada.jpg"}
{"level":"warn","message":"Endpoint invalido"}
{"level":"info","message":"GET at /img/1641164369552galletasDeLino.jpg"}
{"level":"warn","message":"Endpoint invalido"}
{"level":"info","message":"GET at /img/1641164401966galletitas_de_miel.jpg"}
{"level":"warn","message":"Endpoint invalido"}
{"level":"info","message":"GET at /img/1641164432226pepitos.jpg"}
{"level":"warn","message":"Endpoint invalido"}
{"level":"info","message":"GET at /img/1641166593603jugos.jpeg"}
{"level":"warn","message":"Endpoint invalido"}
{"level":"info","message":"GET at /img/1646086869050menta.jpg"}
{"level":"warn","message":"Endpoint invalido"}
{"level":"info","message":"GET at /img/16411641696071637794391162lecheChoco.jpg"}
{"level":"warn","message":"Endpoint invalido"}
{"level":"info","message":"GET at /img/1641164213825leche.jpg"}
{"level":"warn","message":"Endpoint invalido"}
{"level":"info","message":"GET at /img/1641164248865pepas.jpg"}
{"level":"warn","message":"Endpoint invalido"}
{"level":"info","message":"GET at /img/1641164284243pan.jpg"}
{"level":"warn","message":"Endpoint invalido"}
{"level":"info","message":"GET at /img/1641164329291mermelada.jpg"}
{"level":"warn","message":"Endpoint invalido"}
{"level":"info","message":"GET at /img/1641164369552galletasDeLino.jpg"}
{"level":"warn","message":"Endpoint invalido"}
{"level":"info","message":"GET at /img/1641164401966galletitas_de_miel.jpg"}
{"level":"warn","message":"Endpoint invalido"}
{"level":"info","message":"GET at /img/1641164432226pepitos.jpg"}
{"level":"warn","message":"Endpoint invalido"}
{"level":"info","message":"GET at /img/1641166593603jugos.jpeg"}
{"level":"warn","message":"Endpoint invalido"}
{"level":"info","message":"GET at /img/1646086869050menta.jpg"}
{"level":"warn","message":"Endpoint invalido"}
{"level":"info","message":"GET at /session/current"}
{"level":"warn","message":"Endpoint invalido"}
{"level":"info","message":"GET at /home"}
{"level":"warn","message":"Endpoint invalido"}
{"level":"info","message":"GET at /login"}
{"level":"warn","message":"Endpoint invalido"}
{"level":"info","message":"POST at /api/products/"}
{"level":"info","message":"POST at /api/products/"}
{"level":"info","message":"POST at /api/products/"}
{"level":"info","message":"POST at /api/products/"}
{"level":"info","message":"POST at /api/products/"}
{"level":"info","message":"POST at /api/products/"}
{"level":"info","message":"POST at /api/products/"}
{"level":"info","message":"POST at /api/products/"}
{"level":"info","message":"POST at /api/products/"}
{"level":"info","message":"GET at /avatars/1651980236686descarga.jpg"}
{"level":"warn","message":"Endpoint invalido"}
{"level":"info","message":"GET at /avatars/1651980236686descarga.jpg"}
{"level":"warn","message":"Endpoint invalido"}
{"level":"info","message":"GET at /avatars/1651980236686descarga.jpg"}
{"level":"warn","message":"Endpoint invalido"}
{"level":"info","message":"GET at /avatars/1651980236686descarga.jpg"}
{"level":"warn","message":"Endpoint invalido"}
{"level":"info","message":"GET at /avatars/1651980236686descarga.jpg"}
{"level":"warn","message":"Endpoint invalido"}
{"level":"info","message":"GET at /avatars/1651980236686descarga.jpg"}
{"level":"warn","message":"Endpoint invalido"}
{"level":"info","message":"GET at /avatars/1651980236686descarga.jpg"}
{"level":"warn","message":"Endpoint invalido"}
{"level":"info","message":"GET at /avatars/1651980236686descarga.jpg"}
{"level":"warn","message":"Endpoint invalido"}
{"level":"info","message":"GET at /avatars/1651980236686descarga.jpg"}
{"level":"warn","message":"Endpoint invalido"}
{"level":"info","message":"GET at /avatars/1651980236686descarga.jpg"}
{"level":"warn","message":"Endpoint invalido"}
{"level":"info","message":"GET at /avatars/1651980236686descarga.jpg"}
{"level":"warn","message":"Endpoint invalido"}
{"level":"info","message":"GET at /avatars/1651980236686descarga.jpg"}
{"level":"warn","message":"Endpoint invalido"}
{"level":"info","message":"GET at /avatars/1651980236686descarga.jpg"}
{"level":"warn","message":"Endpoint invalido"}
{"level":"info","message":"GET at /avatars/1651980236686descarga.jpg"}
{"level":"warn","message":"Endpoint invalido"}
{"level":"info","message":"GET at /avatars/1651980236686descarga.jpg"}
{"level":"warn","message":"Endpoint invalido"}
{"level":"info","message":"GET at /avatars/1651980236686descarga.jpg"}
{"level":"warn","message":"Endpoint invalido"}
{"level":"info","message":"GET at /avatars/1651980236686descarga.jpg"}
{"level":"warn","message":"Endpoint invalido"}
{"level":"info","message":"GET at /avatars/1651980236686descarga.jpg"}
{"level":"warn","message":"Endpoint invalido"}
{"level":"info","message":"GET at /avatars/1651980236686descarga.jpg"}
{"level":"warn","message":"Endpoint invalido"}
{"level":"info","message":"GET at /avatars/1651980236686descarga.jpg"}
{"level":"warn","message":"Endpoint invalido"}
{"level":"info","message":"GET at /avatars/1651980236686descarga.jpg"}
{"level":"warn","message":"Endpoint invalido"}
{"level":"info","message":"GET at /avatars/1651980236686descarga.jpg"}
{"level":"warn","message":"Endpoint invalido"}
{"level":"info","message":"GET at /avatars/1651980236686descarga.jpg"}
{"level":"warn","message":"Endpoint invalido"}
{"level":"info","message":"GET at /avatars/1651980236686descarga.jpg"}
{"level":"warn","message":"Endpoint invalido"}
{"level":"info","message":"GET at /img1652051119394descarga.jpg"}
{"level":"warn","message":"Endpoint invalido"}
{"level":"info","message":"DELETE at /api/products/61d22dfc3b884ad6d621e844"}
{"level":"info","message":"DELETE at /api/products/61d22dfc3b884ad6d621e844"}
{"level":"info","message":"DELETE at /api/products/61d22dfc3b884ad6d621e844"}
{"level":"info","message":"PUT at /api/products/62784cdad1095b19871142f4"}
{"level":"info","message":"PUT at /api/products/62784cdad1095b19871142f4"}
