{"level":"info","message":"GET at /register"}
{"level":"warn","message":"Endpoint invalido"}
{"level":"info","message":"GET at /register"}
{"level":"warn","message":"Endpoint invalido"}
{"level":"info","message":"GET at /"}
{"level":"warn","message":"Endpoint invalido"}
{"level":"info","message":"GET at /public"}
{"level":"warn","message":"Endpoint invalido"}
{"level":"info","message":"GET at /"}
{"level":"warn","message":"Endpoint invalido"}
{"level":"info","message":"GET at /static"}
{"level":"warn","message":"Endpoint invalido"}
{"level":"info","message":"GET at /static"}
{"level":"warn","message":"Endpoint invalido"}
{"level":"info","message":"GET at /style.css"}
{"level":"warn","message":"Endpoint invalido"}
{"level":"info","message":"GET at /socket.io/socket.io.js"}
{"level":"warn","message":"Endpoint invalido"}
{"level":"info","message":"GET at /index.js"}
{"level":"warn","message":"Endpoint invalido"}
{"level":"info","message":"GET at /socket.io/socket.io.js"}
{"level":"warn","message":"Endpoint invalido"}
{"level":"info","message":"GET at /index.js"}
{"level":"warn","message":"Endpoint invalido"}
{"level":"info","message":"GET at /views/products"}
{"level":"warn","message":"Endpoint invalido"}
{"level":"info","message":"GET at /views/products"}
{"level":"warn","message":"Endpoint invalido"}
{"level":"info","message":"GET at /views/products"}
{"level":"warn","message":"Endpoint invalido"}
{"level":"info","message":"GET at /views/products"}
{"level":"warn","message":"Endpoint invalido"}
{"level":"info","message":"GET at /index.js"}
{"level":"warn","message":"Endpoint invalido"}
{"level":"info","message":"GET at /socket.io/socket.io.js"}
{"level":"warn","message":"Endpoint invalido"}
{"level":"info","message":"GET at /socket.io/socket.io.js"}
{"level":"warn","message":"Endpoint invalido"}
{"level":"info","message":"GET at /index.js"}
{"level":"warn","message":"Endpoint invalido"}
{"level":"info","message":"GET at /socket.io/socket.io.js"}
{"level":"warn","message":"Endpoint invalido"}
{"level":"info","message":"GET at /index.js"}
{"level":"warn","message":"Endpoint invalido"}
{"level":"info","message":"GET at /socket.io/socket.io.js"}
{"level":"warn","message":"Endpoint invalido"}
{"level":"info","message":"GET at /index.js"}
{"level":"warn","message":"Endpoint invalido"}
{"level":"info","message":"GET at /index.js"}
{"level":"warn","message":"Endpoint invalido"}
{"level":"info","message":"GET at /socket.io/socket.io.js"}
{"level":"warn","message":"Endpoint invalido"}
{"level":"info","message":"GET at /socket.io/socket.io.js"}
{"level":"warn","message":"Endpoint invalido"}
{"level":"info","message":"GET at /index.js"}
{"level":"warn","message":"Endpoint invalido"}
{"level":"info","message":"GET at /socket.io/socket.io.js"}
{"level":"warn","message":"Endpoint invalido"}
{"level":"info","message":"GET at /index.js"}
{"level":"warn","message":"Endpoint invalido"}
{"level":"info","message":"GET at /socket.io/socket.io.js"}
{"level":"warn","message":"Endpoint invalido"}
{"level":"info","message":"GET at /index.js"}
{"level":"warn","message":"Endpoint invalido"}
{"level":"info","message":"GET at /socket.io/socket.io.js"}
{"level":"warn","message":"Endpoint invalido"}
{"level":"info","message":"GET at /index.js"}
{"level":"warn","message":"Endpoint invalido"}
{"level":"info","message":"GET at /socket.io/socket.io.js"}
{"level":"warn","message":"Endpoint invalido"}
{"level":"info","message":"GET at /index.js"}
{"level":"warn","message":"Endpoint invalido"}
{"level":"info","message":"GET at /socket.io/socket.io.js"}
{"level":"warn","message":"Endpoint invalido"}
{"level":"info","message":"GET at /socket.io/socket.io.js"}
{"level":"warn","message":"Endpoint invalido"}
{"level":"info","message":"GET at /socket.io/socket.io.js"}
{"level":"warn","message":"Endpoint invalido"}
{"level":"info","message":"GET at /socket.io/socket.io.js"}
{"level":"warn","message":"Endpoint invalido"}
{"level":"info","message":"GET at /socket.io/socket.io.js"}
{"level":"warn","message":"Endpoint invalido"}
{"level":"info","message":"GET at /socket.io/socket.io.js"}
{"level":"warn","message":"Endpoint invalido"}
{"level":"info","message":"GET at /socket.io/socket.io.js"}
{"level":"warn","message":"Endpoint invalido"}
{"level":"info","message":"GET at /socket.io/socket.io.js"}
{"level":"warn","message":"Endpoint invalido"}
{"level":"info","message":"GET at /img/16411641696071637794391162lecheChoco.jpg"}
{"level":"warn","message":"Endpoint invalido"}
{"level":"info","message":"GET at /img/1641164213825leche.jpg"}
{"level":"warn","message":"Endpoint invalido"}
{"level":"info","message":"GET at /img/1641164248865pepas.jpg"}
{"level":"warn","message":"Endpoint invalido"}
{"level":"info","message":"GET at /img/1641164284243pan.jpg"}
{"level":"warn","message":"Endpoint invalido"}
{"level":"info","message":"GET at /img/1641164329291mermelada.jpg"}
{"level":"warn","message":"Endpoint invalido"}
{"level":"info","message":"GET at /img/1641164369552galletasDeLino.jpg"}
{"level":"warn","message":"Endpoint invalido"}
{"level":"info","message":"GET at /img/1641164401966galletitas_de_miel.jpg"}
{"level":"warn","message":"Endpoint invalido"}
{"level":"info","message":"GET at /img/1641164432226pepitos.jpg"}
{"level":"warn","message":"Endpoint invalido"}
{"level":"info","message":"GET at /img/1641166593603jugos.jpeg"}
{"level":"warn","message":"Endpoint invalido"}
{"level":"info","message":"GET at /img/1646086869050menta.jpg"}
{"level":"warn","message":"Endpoint invalido"}
{"level":"info","message":"GET at /home"}
{"level":"warn","message":"Endpoint invalido"}
{"level":"info","message":"GET at /home"}
{"level":"warn","message":"Endpoint invalido"}
{"level":"info","message":"GET at /current"}
{"level":"warn","message":"Endpoint invalido"}
{"level":"info","message":"GET at /login"}
{"level":"warn","message":"Endpoint invalido"}
{"level":"info","message":"GET at /login"}
{"level":"warn","message":"Endpoint invalido"}
{"level":"info","message":"GET at /login"}
{"level":"warn","message":"Endpoint invalido"}
{"level":"info","message":"GET at /login"}
{"level":"warn","message":"Endpoint invalido"}
{"level":"info","message":"GET at /login"}
{"level":"warn","message":"Endpoint invalido"}
{"level":"info","message":"GET at /session/login"}
{"level":"warn","message":"Endpoint invalido"}
{"level":"info","message":"GET at /session/login"}
{"level":"warn","message":"Endpoint invalido"}
{"level":"info","message":"GET at /session/login"}
{"level":"warn","message":"Endpoint invalido"}
{"level":"info","message":"GET at /current"}
{"level":"warn","message":"Endpoint invalido"}
{"level":"info","message":"GET at /current"}
{"level":"warn","message":"Endpoint invalido"}
